<?xml version="1.0" encoding="UTF-8"?>
<!-- Generated by org.testng.reporters.JUnitReportReporter -->
<testsuite hostname="LAPTOP-G2J21VAG" failures="0" tests="1" name="commonFunctions.CartView" time="2.683" errors="0" timestamp="2025-06-19T17:19:05 IST" skipped="0">
  <testcase classname="commonFunctions.CartView" name="viewTheCart" time="2.683"/>
  <system-out>
    <![CDATA[Valid ::signin   https://www.amazon.in/?ref_=nav_ya_signin]]>
  </system-out>
</testsuite> <!-- commonFunctions.CartView -->
