<?xml version="1.0" encoding="UTF-8"?>
<!-- Generated by org.testng.reporters.JUnitReportReporter -->
<testsuite hostname="LAPTOP-G2J21VAG" failures="0" tests="2" name="commonFunctions.CartView" time="4.935" errors="0" timestamp="2025-06-20T23:52:52 IST" skipped="0">
  <testcase classname="commonFunctions.CartView" name="viewTheCart" time="4.834"/>
  <testcase classname="commonFunctions.CartView" name="getPrice" time="0.101"/>
  <system-out>
    <![CDATA[Valid ::signin   https://www.amazon.in/?ref_=nav_ya_signin]]>
  </system-out>
</testsuite> <!-- commonFunctions.CartView -->
