<?xml version="1.0" encoding="UTF-8"?>
<!-- Generated by org.testng.reporters.JUnitReportReporter -->
<testsuite hostname="LAPTOP-G2J21VAG" failures="0" tests="1" name="testRunner.Runner" time="0.004" errors="0" timestamp="2025-06-20T23:52:52 IST" skipped="0">
  <testcase classname="testRunner.Runner" name="kickStart" time="0.004"/>
  <system-out>
    <![CDATA[Valid ::signin   https://www.amazon.in/?ref_=nav_ya_signin]]>
  </system-out>
</testsuite> <!-- testRunner.Runner -->
