<?xml version="1.0" encoding="UTF-8"?>
<!-- Generated by org.testng.reporters.JUnitReportReporter -->
<testsuite hostname="LAPTOP-G2J21VAG" failures="0" tests="2" name="commonFunctions.SearchProduct" time="5.051" errors="0" timestamp="2025-06-20T23:52:52 IST" skipped="0">
  <testcase classname="commonFunctions.SearchProduct" name="searchProduct" time="3.445"/>
  <testcase classname="commonFunctions.SearchProduct" name="clickOnAdd" time="1.606"/>
  <system-out>
    <![CDATA[Valid ::signin   https://www.amazon.in/?ref_=nav_ya_signin]]>
  </system-out>
</testsuite> <!-- commonFunctions.SearchProduct -->
